<?xml version="1.0" encoding="UTF-8"?>
<testsuite name="MoodAnalyzerTest" tests="1" skipped="0" failures="0" errors="0" timestamp="2020-12-26T18:13:58" hostname="DESKTOP-PB86ROL" time="0.005">
  <properties/>
  <testcase name="givenNullMoodShouldThrowException" classname="MoodAnalyzerTest" time="0.005"/>
  <system-out><![CDATA[]]></system-out>
  <system-err><![CDATA[]]></system-err>
</testsuite>
